0 info it worked if it ends with ok
1 verbose cli [ 'C:\\Program Files\\nodejs\\\\node.exe',
1 verbose cli   'C:\\Program Files\\nodejs\\node_modules\\npm\\bin\\npm-cli.js',
1 verbose cli   'install',
1 verbose cli   '--save',
1 verbose cli   'node_redis' ]
2 info using npm@1.4.28
3 info using node@v0.10.32
4 verbose node symlink C:\Program Files\nodejs\\node.exe
5 warn package.json socket-chat-example@0.0.1 No repository field.
6 verbose readDependencies using package.json deps
7 verbose cache add [ 'node_redis', null ]
8 verbose cache add name=undefined spec="node_redis" args=["node_redis",null]
9 verbose parsed url { protocol: null,
9 verbose parsed url   slashes: null,
9 verbose parsed url   auth: null,
9 verbose parsed url   host: null,
9 verbose parsed url   port: null,
9 verbose parsed url   hostname: null,
9 verbose parsed url   hash: null,
9 verbose parsed url   search: null,
9 verbose parsed url   query: null,
9 verbose parsed url   pathname: 'node_redis',
9 verbose parsed url   path: 'node_redis',
9 verbose parsed url   href: 'node_redis' }
10 silly lockFile f4a38139-node-redis node_redis
11 verbose lock node_redis C:\Users\Marcus\AppData\Roaming\npm-cache\f4a38139-node-redis.lock
12 silly lockFile f4a38139-node-redis node_redis
13 silly lockFile f4a38139-node-redis node_redis
14 verbose addNamed [ 'node_redis', '' ]
15 verbose addNamed [ null, '*' ]
16 silly lockFile f3744735-node-redis node_redis@
17 verbose lock node_redis@ C:\Users\Marcus\AppData\Roaming\npm-cache\f3744735-node-redis.lock
18 silly addNameRange { name: 'node_redis', range: '*', hasData: false }
19 verbose request where is /node_redis
20 verbose request registry https://registry.npmjs.org/
21 verbose request id c1a7eda8182008b5
22 verbose url raw /node_redis
23 verbose url resolving [ 'https://registry.npmjs.org/', './node_redis' ]
24 verbose url resolved https://registry.npmjs.org/node_redis
25 verbose request where is https://registry.npmjs.org/node_redis
26 info trying registry request attempt 1 at 22:58:21
27 http GET https://registry.npmjs.org/node_redis
28 http 404 https://registry.npmjs.org/node_redis
29 verbose headers { date: 'Thu, 11 Dec 2014 04:58:22 GMT',
29 verbose headers   server: 'CouchDB/1.5.0 (Erlang OTP/R16B03)',
29 verbose headers   'content-type': 'application/json',
29 verbose headers   'cache-control': 'max-age=0',
29 verbose headers   'content-length': '52',
29 verbose headers   'accept-ranges': 'bytes',
29 verbose headers   via: '1.1 varnish',
29 verbose headers   age: '0',
29 verbose headers   'x-served-by': 'cache-iad2124-IAD',
29 verbose headers   'x-cache': 'MISS',
29 verbose headers   'x-cache-hits': '0',
29 verbose headers   'x-timer': 'S1418273901.766413,VS0,VE357',
29 verbose headers   'keep-alive': 'timeout=10, max=50',
29 verbose headers   connection: 'Keep-Alive' }
30 silly registry.get cb [ 404,
30 silly registry.get   { date: 'Thu, 11 Dec 2014 04:58:22 GMT',
30 silly registry.get     server: 'CouchDB/1.5.0 (Erlang OTP/R16B03)',
30 silly registry.get     'content-type': 'application/json',
30 silly registry.get     'cache-control': 'max-age=0',
30 silly registry.get     'content-length': '52',
30 silly registry.get     'accept-ranges': 'bytes',
30 silly registry.get     via: '1.1 varnish',
30 silly registry.get     age: '0',
30 silly registry.get     'x-served-by': 'cache-iad2124-IAD',
30 silly registry.get     'x-cache': 'MISS',
30 silly registry.get     'x-cache-hits': '0',
30 silly registry.get     'x-timer': 'S1418273901.766413,VS0,VE357',
30 silly registry.get     'keep-alive': 'timeout=10, max=50',
30 silly registry.get     connection: 'Keep-Alive' } ]
31 silly lockFile f3744735-node-redis node_redis@
32 silly lockFile f3744735-node-redis node_redis@
33 error 404 404 Not Found: node_redis
33 error 404
33 error 404 'node_redis' is not in the npm registry.
33 error 404 You should bug the author to publish it
33 error 404 It was specified as a dependency of 'socket-chat-example'
33 error 404
33 error 404 Note that you can also install from a
33 error 404 tarball, folder, or http url, or git url.
34 error System Windows_NT 6.2.9200
35 error command "C:\\Program Files\\nodejs\\\\node.exe" "C:\\Program Files\\nodejs\\node_modules\\npm\\bin\\npm-cli.js" "install" "--save" "node_redis"
36 error cwd C:\Users\Marcus\Dropbox\chat-server
37 error node -v v0.10.32
38 error npm -v 1.4.28
39 error code E404
40 verbose exit [ 1, true ]
